0 verbose cli /Users/sakhi/.nvm/versions/node/v24.14.0/bin/node /Users/sakhi/.nvm/versions/node/v24.14.0/bin/npm
1 info using npm@11.9.0
2 info using node@v24.14.0
3 silly config load:file:/Users/sakhi/.nvm/versions/node/v24.14.0/lib/node_modules/npm/npmrc
4 silly config load:file:/Users/sakhi/Code/Company/Projects/bakery/shivi-corners-react/.npmrc
5 silly config load:file:/Users/sakhi/.npmrc
6 silly config load:file:/Users/sakhi/.nvm/versions/node/v24.14.0/etc/npmrc
7 verbose title npm install react-router-dom tailwindcss postcss autoprefixer
8 verbose argv "install" "react-router-dom" "tailwindcss" "postcss" "autoprefixer" "--cache" ".npm-cache"
9 verbose logfile logs-max:10 dir:/Users/sakhi/Code/Company/Projects/bakery/shivi-corners-react/.npm-cache/_logs/2026-03-21T12_57_50_358Z-
10 verbose logfile /Users/sakhi/Code/Company/Projects/bakery/shivi-corners-react/.npm-cache/_logs/2026-03-21T12_57_50_358Z-debug-0.log
11 silly logfile done cleaning log files
12 silly packumentCache heap:2348810240 maxSize:587202560 maxEntrySize:293601280
13 silly idealTree buildDeps
14 silly fetch manifest react-router-dom@*
15 silly packumentCache full:https://registry.npmjs.org/react-router-dom cache-miss
16 http fetch GET 200 https://registry.npmjs.org/npm 158ms
17 http fetch GET 200 https://registry.npmjs.org/react-router-dom 137ms (cache miss)
18 silly packumentCache full:https://registry.npmjs.org/react-router-dom set size:undefined disposed:false
19 silly fetch manifest react@^19.0.0
20 silly packumentCache full:https://registry.npmjs.org/react cache-miss
21 http fetch GET 200 https://registry.npmjs.org/react 159ms (cache miss)
22 silly packumentCache full:https://registry.npmjs.org/react set size:undefined disposed:false
23 silly fetch manifest react-dom@^19.0.0
24 silly packumentCache full:https://registry.npmjs.org/react-dom cache-miss
25 http fetch GET 200 https://registry.npmjs.org/react-dom 199ms (cache miss)
26 silly packumentCache full:https://registry.npmjs.org/react-dom set size:undefined disposed:false
27 silly fetch manifest tailwindcss@*
28 silly packumentCache full:https://registry.npmjs.org/tailwindcss cache-miss
29 http fetch GET 200 https://registry.npmjs.org/tailwindcss 168ms (cache miss)
30 silly packumentCache full:https://registry.npmjs.org/tailwindcss set size:undefined disposed:false
31 silly fetch manifest postcss@*
32 silly packumentCache full:https://registry.npmjs.org/postcss cache-miss
33 http fetch GET 200 https://registry.npmjs.org/postcss 45ms (cache miss)
34 silly packumentCache full:https://registry.npmjs.org/postcss set size:undefined disposed:false
35 silly fetch manifest autoprefixer@*
36 silly packumentCache full:https://registry.npmjs.org/autoprefixer cache-miss
37 http fetch GET 200 https://registry.npmjs.org/autoprefixer 59ms (cache miss)
38 silly packumentCache full:https://registry.npmjs.org/autoprefixer set size:undefined disposed:false
39 silly placeDep ROOT autoprefixer@10.4.27 OK for: shivi-corners-react@0.0.1 want: *
40 silly placeDep ROOT postcss@8.5.8 REPLACE for: shivi-corners-react@0.0.1 want: *
41 silly placeDep ROOT react-router-dom@7.13.1 OK for: shivi-corners-react@0.0.1 want: *
42 silly placeDep ROOT tailwindcss@4.2.2 OK for: shivi-corners-react@0.0.1 want: *
43 silly fetch manifest fraction.js@^5.3.4
44 silly packumentCache full:https://registry.npmjs.org/fraction.js cache-miss
45 silly fetch manifest postcss-value-parser@^4.2.0
46 silly packumentCache full:https://registry.npmjs.org/postcss-value-parser cache-miss
47 silly fetch manifest react-router@7.13.1
48 silly packumentCache full:https://registry.npmjs.org/react-router cache-miss
49 http fetch GET 200 https://registry.npmjs.org/postcss-value-parser 27ms (cache miss)
50 silly packumentCache full:https://registry.npmjs.org/postcss-value-parser set size:undefined disposed:false
51 http fetch GET 200 https://registry.npmjs.org/fraction.js 33ms (cache miss)
52 silly packumentCache full:https://registry.npmjs.org/fraction.js set size:undefined disposed:false
53 http fetch GET 200 https://registry.npmjs.org/react-router 92ms (cache miss)
54 silly packumentCache full:https://registry.npmjs.org/react-router set size:undefined disposed:false
55 silly placeDep ROOT fraction.js@5.3.4 OK for: autoprefixer@10.4.27 want: ^5.3.4
56 silly placeDep ROOT postcss-value-parser@4.2.0 OK for: autoprefixer@10.4.27 want: ^4.2.0
57 silly fetch manifest react@>=18
58 silly packumentCache full:https://registry.npmjs.org/react cache-miss
59 http cache https://registry.npmjs.org/react 13ms (cache hit)
60 silly packumentCache full:https://registry.npmjs.org/react set size:6555426 disposed:false
61 silly fetch manifest react-dom@>=18
62 silly packumentCache full:https://registry.npmjs.org/react-dom cache-miss
63 http cache https://registry.npmjs.org/react-dom 17ms (cache hit)
64 silly packumentCache full:https://registry.npmjs.org/react-dom set size:8705519 disposed:false
65 silly placeDep ROOT react-router@7.13.1 OK for: react-router-dom@7.13.1 want: 7.13.1
66 silly fetch manifest cookie@^1.0.1
67 silly packumentCache full:https://registry.npmjs.org/cookie cache-miss
68 silly fetch manifest set-cookie-parser@^2.6.0
69 silly packumentCache full:https://registry.npmjs.org/set-cookie-parser cache-miss
70 http fetch GET 200 https://registry.npmjs.org/cookie 29ms (cache miss)
71 silly packumentCache full:https://registry.npmjs.org/cookie set size:undefined disposed:false
72 http fetch GET 200 https://registry.npmjs.org/set-cookie-parser 31ms (cache miss)
73 silly packumentCache full:https://registry.npmjs.org/set-cookie-parser set size:undefined disposed:false
74 silly placeDep ROOT cookie@1.1.1 OK for: react-router@7.13.1 want: ^1.0.1
75 silly placeDep ROOT set-cookie-parser@2.7.2 OK for: react-router@7.13.1 want: ^2.6.0
76 silly reify moves {}
77 silly audit bulk request {
77 silly audit   '@babel/code-frame': [ '7.29.0' ],
77 silly audit   '@babel/compat-data': [ '7.29.0' ],
77 silly audit   '@babel/core': [ '7.29.0' ],
77 silly audit   '@babel/generator': [ '7.29.1' ],
77 silly audit   '@babel/helper-compilation-targets': [ '7.28.6' ],
77 silly audit   '@babel/helper-globals': [ '7.28.0' ],
77 silly audit   '@babel/helper-module-imports': [ '7.28.6' ],
77 silly audit   '@babel/helper-module-transforms': [ '7.28.6' ],
77 silly audit   '@babel/helper-plugin-utils': [ '7.28.6' ],
77 silly audit   '@babel/helper-string-parser': [ '7.27.1' ],
77 silly audit   '@babel/helper-validator-identifier': [ '7.28.5' ],
77 silly audit   '@babel/helper-validator-option': [ '7.27.1' ],
77 silly audit   '@babel/helpers': [ '7.29.2' ],
77 silly audit   '@babel/parser': [ '7.29.2' ],
77 silly audit   '@babel/plugin-transform-react-jsx-self': [ '7.27.1' ],
77 silly audit   '@babel/plugin-transform-react-jsx-source': [ '7.27.1' ],
77 silly audit   '@babel/template': [ '7.28.6' ],
77 silly audit   '@babel/traverse': [ '7.29.0' ],
77 silly audit   '@babel/types': [ '7.29.0' ],
77 silly audit   '@esbuild/aix-ppc64': [ '0.25.12' ],
77 silly audit   '@esbuild/android-arm': [ '0.25.12' ],
77 silly audit   '@esbuild/android-arm64': [ '0.25.12' ],
77 silly audit   '@esbuild/android-x64': [ '0.25.12' ],
77 silly audit   '@esbuild/darwin-arm64': [ '0.25.12' ],
77 silly audit   '@esbuild/darwin-x64': [ '0.25.12' ],
77 silly audit   '@esbuild/freebsd-arm64': [ '0.25.12' ],
77 silly audit   '@esbuild/freebsd-x64': [ '0.25.12' ],
77 silly audit   '@esbuild/linux-arm': [ '0.25.12' ],
77 silly audit   '@esbuild/linux-arm64': [ '0.25.12' ],
77 silly audit   '@esbuild/linux-ia32': [ '0.25.12' ],
77 silly audit   '@esbuild/linux-loong64': [ '0.25.12' ],
77 silly audit   '@esbuild/linux-mips64el': [ '0.25.12' ],
77 silly audit   '@esbuild/linux-ppc64': [ '0.25.12' ],
77 silly audit   '@esbuild/linux-riscv64': [ '0.25.12' ],
77 silly audit   '@esbuild/linux-s390x': [ '0.25.12' ],
77 silly audit   '@esbuild/linux-x64': [ '0.25.12' ],
77 silly audit   '@esbuild/netbsd-arm64': [ '0.25.12' ],
77 silly audit   '@esbuild/netbsd-x64': [ '0.25.12' ],
77 silly audit   '@esbuild/openbsd-arm64': [ '0.25.12' ],
77 silly audit   '@esbuild/openbsd-x64': [ '0.25.12' ],
77 silly audit   '@esbuild/openharmony-arm64': [ '0.25.12' ],
77 silly audit   '@esbuild/sunos-x64': [ '0.25.12' ],
77 silly audit   '@esbuild/win32-arm64': [ '0.25.12' ],
77 silly audit   '@esbuild/win32-ia32': [ '0.25.12' ],
77 silly audit   '@esbuild/win32-x64': [ '0.25.12' ],
77 silly audit   '@jridgewell/gen-mapping': [ '0.3.13' ],
77 silly audit   '@jridgewell/remapping': [ '2.3.5' ],
77 silly audit   '@jridgewell/resolve-uri': [ '3.1.2' ],
77 silly audit   '@jridgewell/sourcemap-codec': [ '1.5.5' ],
77 silly audit   '@jridgewell/trace-mapping': [ '0.3.31' ],
77 silly audit   '@rolldown/pluginutils': [ '1.0.0-beta.27' ],
77 silly audit   '@rollup/rollup-android-arm-eabi': [ '4.59.1' ],
77 silly audit   '@rollup/rollup-android-arm64': [ '4.59.1' ],
77 silly audit   '@rollup/rollup-darwin-arm64': [ '4.59.1' ],
77 silly audit   '@rollup/rollup-darwin-x64': [ '4.59.1' ],
77 silly audit   '@rollup/rollup-freebsd-arm64': [ '4.59.1' ],
77 silly audit   '@rollup/rollup-freebsd-x64': [ '4.59.1' ],
77 silly audit   '@rollup/rollup-linux-arm-gnueabihf': [ '4.59.1' ],
77 silly audit   '@rollup/rollup-linux-arm-musleabihf': [ '4.59.1' ],
77 silly audit   '@rollup/rollup-linux-arm64-gnu': [ '4.59.1' ],
77 silly audit   '@rollup/rollup-linux-arm64-musl': [ '4.59.1' ],
77 silly audit   '@rollup/rollup-linux-loong64-gnu': [ '4.59.1' ],
77 silly audit   '@rollup/rollup-linux-loong64-musl': [ '4.59.1' ],
77 silly audit   '@rollup/rollup-linux-ppc64-gnu': [ '4.59.1' ],
77 silly audit   '@rollup/rollup-linux-ppc64-musl': [ '4.59.1' ],
77 silly audit   '@rollup/rollup-linux-riscv64-gnu': [ '4.59.1' ],
77 silly audit   '@rollup/rollup-linux-riscv64-musl': [ '4.59.1' ],
77 silly audit   '@rollup/rollup-linux-s390x-gnu': [ '4.59.1' ],
77 silly audit   '@rollup/rollup-linux-x64-gnu': [ '4.59.1' ],
77 silly audit   '@rollup/rollup-linux-x64-musl': [ '4.59.1' ],
77 silly audit   '@rollup/rollup-openbsd-x64': [ '4.59.1' ],
77 silly audit   '@rollup/rollup-openharmony-arm64': [ '4.59.1' ],
77 silly audit   '@rollup/rollup-win32-arm64-msvc': [ '4.59.1' ],
77 silly audit   '@rollup/rollup-win32-ia32-msvc': [ '4.59.1' ],
77 silly audit   '@rollup/rollup-win32-x64-gnu': [ '4.59.1' ],
77 silly audit   '@rollup/rollup-win32-x64-msvc': [ '4.59.1' ],
77 silly audit   '@types/babel__core': [ '7.20.5' ],
77 silly audit   '@types/babel__generator': [ '7.27.0' ],
77 silly audit   '@types/babel__template': [ '7.4.4' ],
77 silly audit   '@types/babel__traverse': [ '7.28.0' ],
77 silly audit   '@types/estree': [ '1.0.8' ],
77 silly audit   '@vitejs/plugin-react': [ '4.7.0' ],
77 silly audit   'baseline-browser-mapping': [ '2.10.9' ],
77 silly audit   browserslist: [ '4.28.1' ],
77 silly audit   'caniuse-lite': [ '1.0.30001780' ],
77 silly audit   'convert-source-map': [ '2.0.0' ],
77 silly audit   debug: [ '4.4.3' ],
77 silly audit   'electron-to-chromium': [ '1.5.321' ],
77 silly audit   esbuild: [ '0.25.12' ],
77 silly audit   escalade: [ '3.2.0' ],
77 silly audit   fdir: [ '6.5.0' ],
77 silly audit   'framer-motion': [ '12.38.0' ],
77 silly audit   fsevents: [ '2.3.3' ],
77 silly audit   gensync: [ '1.0.0-beta.2' ],
77 silly audit   'js-tokens': [ '4.0.0' ],
77 silly audit   jsesc: [ '3.1.0' ],
77 silly audit   json5: [ '2.2.3' ],
77 silly audit   'lru-cache': [ '5.1.1' ],
77 silly audit   'lucide-react': [ '0.477.0' ],
77 silly audit   'motion-dom': [ '12.38.0' ],
77 silly audit   'motion-utils': [ '12.36.0' ],
77 silly audit   ms: [ '2.1.3' ],
77 silly audit   nanoid: [ '3.3.11' ],
77 silly audit   'node-releases': [ '2.0.36' ],
77 silly audit   picocolors: [ '1.1.1' ],
77 silly audit   picomatch: [ '4.0.3' ],
77 silly audit   react: [ '19.2.4' ],
77 silly audit   'react-dom': [ '19.2.4' ],
77 silly audit   'react-refresh': [ '0.17.0' ],
77 silly audit   rollup: [ '4.59.1' ],
77 silly audit   scheduler: [ '0.27.0' ],
77 silly audit   semver: [ '6.3.1' ],
77 silly audit   'source-map-js': [ '1.2.1' ],
77 silly audit   tinyglobby: [ '0.2.15' ],
77 silly audit   tslib: [ '2.8.1' ],
77 silly audit   'update-browserslist-db': [ '1.2.3' ],
77 silly audit   vite: [ '6.4.1' ],
77 silly audit   yallist: [ '3.1.1' ],
77 silly audit   autoprefixer: [ '10.4.27' ],
77 silly audit   postcss: [ '8.5.8' ],
77 silly audit   'react-router-dom': [ '7.13.1' ],
77 silly audit   tailwindcss: [ '4.2.2' ],
77 silly audit   'fraction.js': [ '5.3.4' ],
77 silly audit   'postcss-value-parser': [ '4.2.0' ],
77 silly audit   'react-router': [ '7.13.1' ],
77 silly audit   cookie: [ '1.1.1' ],
77 silly audit   'set-cookie-parser': [ '2.7.2' ]
77 silly audit }
78 http cache cookie@https://registry.npmjs.org/cookie/-/cookie-1.1.1.tgz 0ms (cache hit)
79 http cache set-cookie-parser@https://registry.npmjs.org/set-cookie-parser/-/set-cookie-parser-2.7.2.tgz 0ms (cache hit)
80 http cache postcss-value-parser@https://registry.npmjs.org/postcss-value-parser/-/postcss-value-parser-4.2.0.tgz 0ms (cache hit)
81 http cache fraction.js@https://registry.npmjs.org/fraction.js/-/fraction.js-5.3.4.tgz 0ms (cache hit)
82 http cache react-router-dom@https://registry.npmjs.org/react-router-dom/-/react-router-dom-7.13.1.tgz 0ms (cache hit)
83 http cache autoprefixer@https://registry.npmjs.org/autoprefixer/-/autoprefixer-10.4.27.tgz 0ms (cache hit)
84 http cache fsevents@https://registry.npmjs.org/fsevents/-/fsevents-2.3.3.tgz 0ms (cache hit)
85 http cache react-router@https://registry.npmjs.org/react-router/-/react-router-7.13.1.tgz 0ms (cache hit)
86 http cache tailwindcss@https://registry.npmjs.org/tailwindcss/-/tailwindcss-4.2.2.tgz 0ms (cache hit)
87 silly tarball no local data for cookie@https://registry.npmjs.org/cookie/-/cookie-1.1.1.tgz. Extracting by manifest.
88 silly tarball no local data for set-cookie-parser@https://registry.npmjs.org/set-cookie-parser/-/set-cookie-parser-2.7.2.tgz. Extracting by manifest.
89 silly tarball no local data for postcss-value-parser@https://registry.npmjs.org/postcss-value-parser/-/postcss-value-parser-4.2.0.tgz. Extracting by manifest.
90 silly tarball no local data for fraction.js@https://registry.npmjs.org/fraction.js/-/fraction.js-5.3.4.tgz. Extracting by manifest.
91 silly tarball no local data for react-router-dom@https://registry.npmjs.org/react-router-dom/-/react-router-dom-7.13.1.tgz. Extracting by manifest.
92 silly tarball no local data for autoprefixer@https://registry.npmjs.org/autoprefixer/-/autoprefixer-10.4.27.tgz. Extracting by manifest.
93 silly tarball no local data for fsevents@https://registry.npmjs.org/fsevents/-/fsevents-2.3.3.tgz. Extracting by manifest.
94 silly tarball no local data for react-router@https://registry.npmjs.org/react-router/-/react-router-7.13.1.tgz. Extracting by manifest.
95 silly tarball no local data for tailwindcss@https://registry.npmjs.org/tailwindcss/-/tailwindcss-4.2.2.tgz. Extracting by manifest.
96 http fetch GET 200 https://registry.npmjs.org/cookie/-/cookie-1.1.1.tgz 47ms (cache miss)
97 http fetch GET 200 https://registry.npmjs.org/set-cookie-parser/-/set-cookie-parser-2.7.2.tgz 47ms (cache miss)
98 http fetch GET 200 https://registry.npmjs.org/react-router-dom/-/react-router-dom-7.13.1.tgz 85ms (cache miss)
99 http fetch GET 200 https://registry.npmjs.org/postcss-value-parser/-/postcss-value-parser-4.2.0.tgz 87ms (cache miss)
100 http fetch GET 200 https://registry.npmjs.org/fsevents/-/fsevents-2.3.3.tgz 89ms (cache miss)
101 http fetch GET 200 https://registry.npmjs.org/fraction.js/-/fraction.js-5.3.4.tgz 103ms (cache miss)
102 http fetch GET 200 https://registry.npmjs.org/tailwindcss/-/tailwindcss-4.2.2.tgz 110ms (cache miss)
103 http fetch GET 200 https://registry.npmjs.org/autoprefixer/-/autoprefixer-10.4.27.tgz 141ms (cache miss)
104 http fetch GET 200 https://registry.npmjs.org/react-router/-/react-router-7.13.1.tgz 187ms (cache miss)
105 http fetch POST 200 https://registry.npmjs.org/-/npm/v1/security/advisories/bulk 271ms
106 silly audit report {}
107 silly ADD node_modules/set-cookie-parser
108 silly ADD node_modules/cookie
109 silly ADD node_modules/react-router
110 silly ADD node_modules/postcss-value-parser
111 silly ADD node_modules/fraction.js
112 silly ADD node_modules/tailwindcss
113 silly ADD node_modules/react-router-dom
114 silly ADD node_modules/autoprefixer
115 silly ADD node_modules/fsevents
116 verbose cwd /Users/sakhi/Code/Company/Projects/bakery/shivi-corners-react
117 verbose os Darwin 25.3.0
118 verbose node v24.14.0
119 verbose npm  v11.9.0
120 notice
120 notice New [33mminor[39m version of npm available! [33m11.9.0[39m -> [34m11.12.0[39m
120 notice Changelog: [34mhttps://github.com/npm/cli/releases/tag/v11.12.0[39m
120 notice To update run: [4mnpm install -g npm@11.12.0[24m
120 notice  { force: true, Symbol(proc-log.meta): true }
121 verbose exit 0
122 info ok
